Arguments: 
  /usr/local/bin/node /usr/local/Cellar/yarn/1.19.2/libexec/bin/yarn.js add -D @vuepress/blog

PATH: 
  /Library/Frameworks/Python.framework/Versions/3.9/bin:/Library/Frameworks/Python.framework/Versions/3.8/bin:/Library/Frameworks/Python.framework/Versions/3.7/bin:/usr/local/bin:/usr/bin:/bin:/usr/sbin:/sbin:/Applications/VMware Fusion.app/Contents/Public:/usr/local/go/bin:/usr/local/share/dotnet:~/.dotnet/tools:/Library/Apple/usr/bin:/Library/Frameworks/Mono.framework/Versions/Current/Commands:/Applications/Wireshark.app/Contents/MacOS:/Library/Frameworks/Python.framework/Versions/3.9/bin:/Library/Frameworks/Python.framework/Versions/3.8/bin:/Library/Frameworks/Python.framework/Versions/3.7/bin

Yarn version: 
  1.19.2

Node version: 
  14.17.0

Platform: 
  darwin x64

Trace: 
  Error: https://registry.yarnpkg.com/@vuepress%2fblog: Not found
      at Request.params.callback [as _callback] (/usr/local/Cellar/yarn/1.19.2/libexec/lib/cli.js:66927:18)
      at Request.self.callback (/usr/local/Cellar/yarn/1.19.2/libexec/lib/cli.js:140586:22)
      at Request.emit (events.js:376:20)
      at Request.<anonymous> (/usr/local/Cellar/yarn/1.19.2/libexec/lib/cli.js:141558:10)
      at Request.emit (events.js:376:20)
      at IncomingMessage.<anonymous> (/usr/local/Cellar/yarn/1.19.2/libexec/lib/cli.js:141480:12)
      at Object.onceWrapper (events.js:482:28)
      at IncomingMessage.emit (events.js:388:22)
      at endReadableNT (internal/streams/readable.js:1336:12)
      at processTicksAndRejections (internal/process/task_queues.js:82:21)

npm manifest: 
  {
    "name": "theme",
    "version": "1.0.0",
    "main": "index.js",
    "license": "MIT"
  }

yarn manifest: 
  No manifest

Lockfile: 
  No lockfile
